<?xml version="1.0" encoding="UTF-8"?>
<!-- Generated by org.testng.reporters.JUnitReportReporter -->
<testsuite hostname="LAPTOP-7DJ18U3D" failures="0" tests="1" name="com.w2a.testcases.LoginTest" time="3.126" errors="0" timestamp="02 Aug 2022 05:49:40 GMT" skipped="0">
  <testcase classname="com.w2a.testcases.LoginTest" name="loginAsBankManagaer" time="3.126"/>
</testsuite> <!-- com.w2a.testcases.LoginTest -->
