<?xml version="1.0" encoding="UTF-8"?>
<!-- Generated by org.testng.reporters.JUnitReportReporter -->
<testsuite hostname="LAPTOP-7DJ18U3D" failures="0" tests="1" name="com.w2a.testcases.BankManagerLoginTest" time="3.133" errors="0" timestamp="2022-08-30T15:03:38 IST" skipped="0">
  <testcase classname="com.w2a.testcases.BankManagerLoginTest" name="loginAsBankManagaer" time="3.133"/>
  <system-out>
Login Successfully Executed <a target ="_blank"href="C:\Users\Guru Prasad Das\Pictures\Screenshots\error.png">Screenshot</a> <br>  </system-out>
</testsuite> <!-- com.w2a.testcases.BankManagerLoginTest -->
